Using pre-set license
Built from '2021.1/staging' branch; Version is '2021.1.6f1 (c0fade0cc7e9) revision 12647134'; Using compiler version '192528614'; Build Type 'Release'
OS: 'Windows 10 Home Single Language; OS build 19043.1415; Version 2009; 64bit' Language: 'en' Physical Memory: 16256 MB
BatchMode: 1, IsHumanControllingUs: 0, StartBugReporterOnCrash: 0, Is64bit: 1, IsPro: 0

 COMMAND LINE ARGUMENTS:
D:\UNITY\2021.1.6f1\Editor\Unity.exe
-adb2
-batchMode
-noUpm
-name
AssetImportWorker0
-projectPath
D:/Nirav/Unity Projects/MultiplayerRoom
-logFile
Logs/AssetImportWorker0.log
-srvPort
50088
Successfully changed project path to: D:/Nirav/Unity Projects/MultiplayerRoom
D:/Nirav/Unity Projects/MultiplayerRoom
Using Asset Import Pipeline V2.
Refreshing native plugins compatible for Editor in 96.34 ms, found 1 plugins.
Preloading 0 native plugins for Editor in 0.00 ms.
Initialize engine version: 2021.1.6f1 (c0fade0cc7e9)
[Subsystems] Discovering subsystems at path D:/UNITY/2021.1.6f1/Editor/Data/Resources/UnitySubsystems
[Subsystems] Discovering subsystems at path D:/Nirav/Unity Projects/MultiplayerRoom/Assets
GfxDevice: creating device client; threaded=0; jobified=0
Direct3D:
    Version:  Direct3D 11.0 [level 11.0]
    Renderer: NVIDIA GeForce GTX 960M (ID=0x139b)
    Vendor:   NVIDIA
    VRAM:     4055 MB
    Driver:   23.21.13.9125
Initialize mono
Mono path[0] = 'D:/UNITY/2021.1.6f1/Editor/Data/Managed'
Mono path[1] = 'D:/UNITY/2021.1.6f1/Editor/Data/MonoBleedingEdge/lib/mono/unityjit'
Mono config path = 'D:/UNITY/2021.1.6f1/Editor/Data/MonoBleedingEdge/etc'
Using monoOptions --debugger-agent=transport=dt_socket,embedding=1,server=y,suspend=n,address=127.0.0.1:56336
Begin MonoManager ReloadAssembly
Registering precompiled unity dll's ...
Register platform support module: D:/UNITY/2021.1.6f1/Editor/Data/PlaybackEngines/WebGLSupport/UnityEditor.WebGL.Extensions.dll
Register platform support module: D:/UNITY/2021.1.6f1/Editor/Data/PlaybackEngines/WindowsStandaloneSupport/UnityEditor.WindowsStandalone.Extensions.dll
Register platform support module: D:/UNITY/2021.1.6f1/Editor/Data/PlaybackEngines/LinuxStandaloneSupport/UnityEditor.LinuxStandalone.Extensions.dll
Registered in 0.002633 seconds.
Native extension for LinuxStandalone target not found
Native extension for WindowsStandalone target not found
Native extension for WebGL target not found
Refreshing native plugins compatible for Editor in 141.60 ms, found 1 plugins.
Preloading 0 native plugins for Editor in 0.00 ms.
Mono: successfully reloaded assembly
- Completed reload, in  2.009 seconds
Platform modules already initialized, skipping
Registering precompiled user dll's ...
Registered in 0.005720 seconds.
Begin MonoManager ReloadAssembly
Native extension for LinuxStandalone target not found
Native extension for WindowsStandalone target not found
Native extension for WebGL target not found
Refreshing native plugins compatible for Editor in 0.61 ms, found 1 plugins.
Preloading 0 native plugins for Editor in 0.00 ms.
Mono: successfully reloaded assembly
- Completed reload, in  1.446 seconds
Platform modules already initialized, skipping
========================================================================
Worker process is ready to serve import requests
Launched and connected shader compiler UnityShaderCompiler.exe after 0.08 seconds
Refreshing native plugins compatible for Editor in 0.82 ms, found 1 plugins.
Preloading 0 native plugins for Editor in 0.00 ms.
Unloading 2956 Unused Serialized files (Serialized files now loaded: 0)
System memory in use before: 107.3 MB.
System memory in use after: 107.5 MB.

Unloading 20 unused Assets to reduce memory usage. Loaded Objects now: 3405.
Total: 9.037400 ms (FindLiveObjects: 0.762900 ms CreateObjectMapping: 3.474200 ms MarkObjects: 4.690600 ms  DeleteObjects: 0.107700 ms)

========================================================================
Received Import Request.
  path: Assets/Image/ImageClient.cs
  artifactKey: Guid(9a95d892303addc45916365649396035) Importer(815301076,1909f56bfc062723c751e8b465ee728b)
Start importing Assets/Image/ImageClient.cs using Guid(9a95d892303addc45916365649396035) Importer(815301076,1909f56bfc062723c751e8b465ee728b)  -> (artifact id: 'b53d11671bcce63d828f38889623cd03') in 0.155296 seconds 
========================================================================
Received Import Request.
  Time since last request: 363.757428 seconds.
  path: Assets/Image/ImageClient.cs
  artifactKey: Guid(9a95d892303addc45916365649396035) Importer(815301076,1909f56bfc062723c751e8b465ee728b)
Start importing Assets/Image/ImageClient.cs using Guid(9a95d892303addc45916365649396035) Importer(815301076,1909f56bfc062723c751e8b465ee728b)  -> (artifact id: '14c21d6bc983eeb3521401d337664327') in 0.003914 seconds 
========================================================================
Received Prepare
Registering precompiled user dll's ...
Registered in 0.005257 seconds.
Begin MonoManager ReloadAssembly
Native extension for LinuxStandalone target not found
Native extension for WindowsStandalone target not found
Native extension for WebGL target not found
Refreshing native plugins compatible for Editor in 0.60 ms, found 1 plugins.
Preloading 0 native plugins for Editor in 0.00 ms.
Mono: successfully reloaded assembly
- Completed reload, in  1.146 seconds
Platform modules already initialized, skipping
Refreshing native plugins compatible for Editor in 0.84 ms, found 1 plugins.
Preloading 0 native plugins for Editor in 0.00 ms.
Unloading 2951 Unused Serialized files (Serialized files now loaded: 0)
System memory in use before: 107.3 MB.
System memory in use after: 107.5 MB.

Unloading 15 unused Assets to reduce memory usage. Loaded Objects now: 3408.
Total: 4.351200 ms (FindLiveObjects: 0.413500 ms CreateObjectMapping: 0.397000 ms MarkObjects: 3.419500 ms  DeleteObjects: 0.118900 ms)

========================================================================
Received Prepare
Registering precompiled user dll's ...
Registered in 0.005368 seconds.
Begin MonoManager ReloadAssembly
Native extension for LinuxStandalone target not found
Native extension for WindowsStandalone target not found
Native extension for WebGL target not found
Refreshing native plugins compatible for Editor in 0.56 ms, found 1 plugins.
Preloading 0 native plugins for Editor in 0.00 ms.
Mono: successfully reloaded assembly
- Completed reload, in  1.118 seconds
Platform modules already initialized, skipping
Refreshing native plugins compatible for Editor in 1.61 ms, found 1 plugins.
Preloading 0 native plugins for Editor in 0.00 ms.
Unloading 2951 Unused Serialized files (Serialized files now loaded: 0)
System memory in use before: 107.3 MB.
System memory in use after: 107.5 MB.

Unloading 15 unused Assets to reduce memory usage. Loaded Objects now: 3411.
Total: 3.573800 ms (FindLiveObjects: 0.341000 ms CreateObjectMapping: 0.369200 ms MarkObjects: 2.782800 ms  DeleteObjects: 0.077100 ms)

========================================================================
Received Import Request.
  Time since last request: 197.696321 seconds.
  path: Assets/Image/ImageClient.cs
  artifactKey: Guid(9a95d892303addc45916365649396035) Importer(815301076,1909f56bfc062723c751e8b465ee728b)
Start importing Assets/Image/ImageClient.cs using Guid(9a95d892303addc45916365649396035) Importer(815301076,1909f56bfc062723c751e8b465ee728b)  -> (artifact id: '82dfd19456f23948663044fa26779bde') in 0.012437 seconds 
========================================================================
Received Prepare
Registering precompiled user dll's ...
Registered in 0.005597 seconds.
Begin MonoManager ReloadAssembly
Native extension for LinuxStandalone target not found
Native extension for WindowsStandalone target not found
Native extension for WebGL target not found
Refreshing native plugins compatible for Editor in 0.80 ms, found 1 plugins.
Preloading 0 native plugins for Editor in 0.00 ms.
Mono: successfully reloaded assembly
- Completed reload, in  1.141 seconds
Platform modules already initialized, skipping
Refreshing native plugins compatible for Editor in 1.34 ms, found 1 plugins.
Preloading 0 native plugins for Editor in 0.00 ms.
Unloading 2951 Unused Serialized files (Serialized files now loaded: 0)
System memory in use before: 107.4 MB.
System memory in use after: 107.6 MB.

Unloading 15 unused Assets to reduce memory usage. Loaded Objects now: 3414.
Total: 2.945800 ms (FindLiveObjects: 0.264400 ms CreateObjectMapping: 0.138400 ms MarkObjects: 2.444500 ms  DeleteObjects: 0.076400 ms)

========================================================================
Received Prepare
Registering precompiled user dll's ...
Registered in 0.008768 seconds.
Begin MonoManager ReloadAssembly
Native extension for LinuxStandalone target not found
Native extension for WindowsStandalone target not found
Native extension for WebGL target not found
Refreshing native plugins compatible for Editor in 1.15 ms, found 1 plugins.
Preloading 0 native plugins for Editor in 0.00 ms.
Mono: successfully reloaded assembly
- Completed reload, in  1.544 seconds
Platform modules already initialized, skipping
Refreshing native plugins compatible for Editor in 1.28 ms, found 1 plugins.
Preloading 0 native plugins for Editor in 0.00 ms.
Unloading 2951 Unused Serialized files (Serialized files now loaded: 0)
System memory in use before: 107.4 MB.
System memory in use after: 107.6 MB.

Unloading 15 unused Assets to reduce memory usage. Loaded Objects now: 3417.
Total: 3.270400 ms (FindLiveObjects: 0.466700 ms CreateObjectMapping: 0.192500 ms MarkObjects: 2.545200 ms  DeleteObjects: 0.063600 ms)

========================================================================
Received Import Request.
  Time since last request: 138.549180 seconds.
  path: Assets/Image/ImageServer.cs
  artifactKey: Guid(de3cd2e5aa6baa14193fd47e90e2c86e) Importer(815301076,1909f56bfc062723c751e8b465ee728b)
Start importing Assets/Image/ImageServer.cs using Guid(de3cd2e5aa6baa14193fd47e90e2c86e) Importer(815301076,1909f56bfc062723c751e8b465ee728b)  -> (artifact id: '09f5b1b4dcd9eb375e22ba318414fd87') in 0.068377 seconds 
========================================================================
Received Prepare
Registering precompiled user dll's ...
Registered in 0.007359 seconds.
Begin MonoManager ReloadAssembly
Native extension for LinuxStandalone target not found
Native extension for WindowsStandalone target not found
Native extension for WebGL target not found
Refreshing native plugins compatible for Editor in 1.00 ms, found 1 plugins.
Preloading 0 native plugins for Editor in 0.00 ms.
Mono: successfully reloaded assembly
- Completed reload, in  1.532 seconds
Platform modules already initialized, skipping
Refreshing native plugins compatible for Editor in 0.66 ms, found 1 plugins.
Preloading 0 native plugins for Editor in 0.00 ms.
Unloading 2951 Unused Serialized files (Serialized files now loaded: 0)
System memory in use before: 107.4 MB.
System memory in use after: 107.6 MB.

Unloading 15 unused Assets to reduce memory usage. Loaded Objects now: 3420.
Total: 4.755100 ms (FindLiveObjects: 0.537700 ms CreateObjectMapping: 0.195600 ms MarkObjects: 3.894200 ms  DeleteObjects: 0.125700 ms)

========================================================================
Received Prepare
Refreshing native plugins compatible for Editor in 3.22 ms, found 1 plugins.
Preloading 0 native plugins for Editor in 0.00 ms.
Unloading 13 Unused Serialized files (Serialized files now loaded: 0)
System memory in use before: 48.8 MB.
System memory in use after: 49.0 MB.

Unloading 13 unused Assets to reduce memory usage. Loaded Objects now: 3420.
Total: 3.236500 ms (FindLiveObjects: 0.382800 ms CreateObjectMapping: 0.184300 ms MarkObjects: 2.556200 ms  DeleteObjects: 0.112300 ms)

========================================================================
Received Prepare
Registering precompiled user dll's ...
Registered in 0.007898 seconds.
Begin MonoManager ReloadAssembly
Native extension for LinuxStandalone target not found
Native extension for WindowsStandalone target not found
Native extension for WebGL target not found
Refreshing native plugins compatible for Editor in 0.69 ms, found 1 plugins.
Preloading 0 native plugins for Editor in 0.00 ms.
Mono: successfully reloaded assembly
- Completed reload, in  1.594 seconds
Platform modules already initialized, skipping
Refreshing native plugins compatible for Editor in 1.74 ms, found 1 plugins.
Preloading 0 native plugins for Editor in 0.00 ms.
Unloading 2951 Unused Serialized files (Serialized files now loaded: 0)
System memory in use before: 107.4 MB.
System memory in use after: 107.6 MB.

Unloading 15 unused Assets to reduce memory usage. Loaded Objects now: 3423.
Total: 5.180500 ms (FindLiveObjects: 0.914800 ms CreateObjectMapping: 0.533500 ms MarkObjects: 3.648800 ms  DeleteObjects: 0.081500 ms)

========================================================================
Received Prepare
Refreshing native plugins compatible for Editor in 10.99 ms, found 1 plugins.
Preloading 0 native plugins for Editor in 0.00 ms.
Unloading 13 Unused Serialized files (Serialized files now loaded: 0)
System memory in use before: 48.8 MB.
System memory in use after: 49.0 MB.

Unloading 13 unused Assets to reduce memory usage. Loaded Objects now: 3423.
Total: 11.449100 ms (FindLiveObjects: 0.987600 ms CreateObjectMapping: 0.599900 ms MarkObjects: 9.576200 ms  DeleteObjects: 0.276300 ms)

========================================================================
Received Prepare
Registering precompiled user dll's ...
Registered in 0.022999 seconds.
Begin MonoManager ReloadAssembly
Native extension for LinuxStandalone target not found
Native extension for WindowsStandalone target not found
Native extension for WebGL target not found
Refreshing native plugins compatible for Editor in 0.87 ms, found 1 plugins.
Preloading 0 native plugins for Editor in 0.00 ms.
Mono: successfully reloaded assembly
- Completed reload, in  1.744 seconds
Platform modules already initialized, skipping
Refreshing native plugins compatible for Editor in 0.64 ms, found 1 plugins.
Preloading 0 native plugins for Editor in 0.00 ms.
Unloading 2951 Unused Serialized files (Serialized files now loaded: 0)
System memory in use before: 107.4 MB.
System memory in use after: 107.6 MB.

Unloading 15 unused Assets to reduce memory usage. Loaded Objects now: 3426.
Total: 4.024300 ms (FindLiveObjects: 0.642600 ms CreateObjectMapping: 0.362500 ms MarkObjects: 2.946900 ms  DeleteObjects: 0.070700 ms)

========================================================================
Received Prepare
Registering precompiled user dll's ...
Registered in 0.006097 seconds.
Begin MonoManager ReloadAssembly
Native extension for LinuxStandalone target not found
Native extension for WindowsStandalone target not found
Native extension for WebGL target not found
Refreshing native plugins compatible for Editor in 0.66 ms, found 1 plugins.
Preloading 0 native plugins for Editor in 0.00 ms.
Mono: successfully reloaded assembly
- Completed reload, in  1.249 seconds
Platform modules already initialized, skipping
Refreshing native plugins compatible for Editor in 0.66 ms, found 1 plugins.
Preloading 0 native plugins for Editor in 0.00 ms.
Unloading 2951 Unused Serialized files (Serialized files now loaded: 0)
System memory in use before: 107.4 MB.
System memory in use after: 107.6 MB.

Unloading 15 unused Assets to reduce memory usage. Loaded Objects now: 3429.
Total: 2.829900 ms (FindLiveObjects: 0.299400 ms CreateObjectMapping: 0.192000 ms MarkObjects: 2.268100 ms  DeleteObjects: 0.068900 ms)

========================================================================
Received Prepare
Refreshing native plugins compatible for Editor in 3.77 ms, found 1 plugins.
Preloading 0 native plugins for Editor in 0.00 ms.
Unloading 13 Unused Serialized files (Serialized files now loaded: 0)
System memory in use before: 48.9 MB.
System memory in use after: 49.1 MB.

Unloading 13 unused Assets to reduce memory usage. Loaded Objects now: 3429.
Total: 3.570200 ms (FindLiveObjects: 0.353500 ms CreateObjectMapping: 0.185000 ms MarkObjects: 2.923500 ms  DeleteObjects: 0.106400 ms)

AssetImportWorkerClient::OnTransportError - code=2 error=End of file
